<?xml version="1.0" encoding="UTF-8"?>
<testsuite name="com.qika.calculator.CalculatriceTest" tests="1" skipped="0" failures="0" errors="0" timestamp="2024-11-19T12:48:50" hostname="qweko-LIFEBOOK-S936" time="0.005">
  <properties/>
  <testcase name="testSum()" classname="com.qika.calculator.CalculatriceTest" time="0.005"/>
  <system-out><![CDATA[]]></system-out>
  <system-err><![CDATA[]]></system-err>
</testsuite>
