<?xml version="1.0" encoding="UTF-8"?>
<testsuite name="com.qika.calculator.CalculatorApplicationTests" tests="1" skipped="0" failures="0" errors="0" timestamp="2024-11-19T12:48:49" hostname="qweko-LIFEBOOK-S936" time="1.371">
  <properties/>
  <testcase name="contextLoads()" classname="com.qika.calculator.CalculatorApplicationTests" time="1.371"/>
  <system-out><![CDATA[13:48:46.102 [Test worker] INFO org.springframework.test.context.support.AnnotationConfigContextLoaderUtils -- Could not detect default configuration classes for test class [com.qika.calculator.CalculatorApplicationTests]: CalculatorApplicationTests does not declare any static, non-private, non-final, nested classes annotated with @Configuration.
13:48:46.298 [Test worker] INFO org.springframework.boot.test.context.SpringBootTestContextBootstrapper -- Found @SpringBootConfiguration com.qika.calculator.CalculatorApplication for test class com.qika.calculator.CalculatorApplicationTests

  .   ____          _            __ _ _
 /\\ / ___'_ __ _ _(_)_ __  __ _ \ \ \ \
( ( )\___ | '_ | '_| | '_ \/ _` | \ \ \ \
 \\/  ___)| |_)| | | | | || (_| |  ) ) ) )
  '  |____| .__|_| |_|_| |_\__, | / / / /
 =========|_|==============|___/=/_/_/_/

 :: Spring Boot ::                (v3.3.5)

2024-11-19T13:48:47.005+01:00  INFO 114976 --- [calculator] [    Test worker] c.q.c.CalculatorApplicationTests         : Starting CalculatorApplicationTests using Java 21.0.5 with PID 114976 (started by qweko in /home/qweko/Desktop/TPS/DevOps/calculator)
2024-11-19T13:48:47.009+01:00  INFO 114976 --- [calculator] [    Test worker] c.q.c.CalculatorApplicationTests         : No active profile set, falling back to 1 default profile: "default"
2024-11-19T13:48:49.114+01:00  INFO 114976 --- [calculator] [    Test worker] c.q.c.CalculatorApplicationTests         : Started CalculatorApplicationTests in 2.556 seconds (process running for 4.425)
]]></system-out>
  <system-err><![CDATA[WARNING: A Java agent has been loaded dynamically (/home/qweko/.gradle/caches/modules-2/files-2.1/net.bytebuddy/byte-buddy-agent/1.14.19/154da3a65b4f4a909d3e5bdec55d1b2b4cbb6ce1/byte-buddy-agent-1.14.19.jar)
WARNING: If a serviceability tool is in use, please run with -XX:+EnableDynamicAgentLoading to hide this warning
WARNING: If a serviceability tool is not in use, please run with -Djdk.instrument.traceUsage for more information
WARNING: Dynamic loading of agents will be disallowed by default in a future release
]]></system-err>
</testsuite>
